2024-11-03 07:24:21.713 [INFO] [SYSTEM_START]: Starting trading system
Details: {
  "pair_settings": {
    "XRPUSDT": {
      "symbol": "XRPUSDT",
      "threshold": 10,
      "fees_exemption_percentage": 0,
      "num_previous_candles": 10,
      "qty": 30
    },
    "ZRXUSDT": {
      "symbol": "ZRXUSDT",
      "threshold": 10,
      "fees_exemption_percentage": 0,
      "num_previous_candles": 10,
      "qty": 40
    },
    "ETHUSDT": {
      "symbol": "ETHUSDT",
      "threshold": 10,
      "fees_exemption_percentage": 0,
      "num_previous_candles": 10,
      "qty": 0.016
    },
    "BNBUSDT": {
      "symbol": "BNBUSDT",
      "threshold": 10,
      "fees_exemption_percentage": 0,
      "num_previous_candles": 10,
      "qty": 0.08
    },
    "LTCUSDT": {
      "symbol": "LTCUSDT",
      "threshold": 10,
      "fees_exemption_percentage": 0,
      "num_previous_candles": 10,
      "qty": 0.6
    },
    "NEARUSDT": {
      "symbol": "NEARUSDT",
      "threshold": 10,
      "fees_exemption_percentage": 0,
      "num_previous_candles": 10,
      "qty": 6
    },
    "BCHUSDT": {
      "symbol": "BCHUSDT",
      "threshold": 10,
      "fees_exemption_percentage": 0,
      "num_previous_candles": 10,
      "qty": 0.08
    }
  }
}
2024-11-03 10:27:57.810 [INFO] [CRITERIA_MET]: ✨ Trading criteria met
Details: {
  "current_diff": "0.6855%",
  "threshold": "0.6016%",
  "past_diffs_sum": "0.5938%",
  "average_diff": "0.0602%",
  "candle_data": {
    "open": 351.57,
    "high": 351.57,
    "low": 348.85,
    "close": 349.16,
    "volume": 7224.765,
    "openTime_ist": "2024-11-03 10:27:00.000",
    "closeTime_ist": "2024-11-03 10:27:59.999",
    "openTime": 1730609820000,
    "closeTime": 1730609879999
  }
}
2024-11-03 10:27:57.817 [INFO] [PRICE_THRESHOLD_LOCKED]: 🔒 Price thresholds have been set
Details: {
  "token": "hussydaddy",
  "lock_price": "349.16000000",
  "movement_threshold": "0.3008%",
  "up_threshold": "350.21022076",
  "down_threshold": "348.10977924",
  "timestamp": "2024-11-03 10:27:57.816"
}
2024-11-03 10:27:57.832 [INFO] [SYSTEM]: Account data saved successfully
Details: {
  "timestamp": "2024-11-03 10:27:57.832"
}
2024-11-03 10:51:45.063 [INFO] [DOWNWARD_THRESHOLD_MET]: Downward movement threshold met
Details: {
  "current_price": "348.10000000",
  "threshold": "348.10977924"
}
2024-11-03 10:51:45.467 [INFO] [DOWNWARD_THRESHOLD_MET]: Downward movement threshold met
Details: {
  "current_price": "348.04000000",
  "threshold": "348.10977924"
}
2024-11-03 10:51:45.470 [INFO] [POSITION_LOCKED]: Position entry already in progress
Details: {
  "timestamp": "2024-11-03T05:21:45.470Z"
}
2024-11-03 10:51:45.471 [INFO] [ERROR]: Failed to enter position
Details: {
  "error": "Position entry in progress",
  "token": "hussydaddy"
}
2024-11-03 10:51:46.977 [INFO] [STOP_MARKET_ORDER_PLACED]: Stop market order placed for BCHUSDT with stop price 349.15
Details: {
  "token": "hussydaddy"
}
2024-11-03 10:51:46.983 [INFO] [ORDERS_PLACED]: Orders placed successfully
Details: {
  "orders": [
    {
      "orderId": 29766527568,
      "symbol": "BCHUSDT",
      "status": "NEW",
      "clientOrderId": "x-15PC4ZJyP_X0AFxmXf42vITqc3Ebnnzm7",
      "price": "0.00",
      "avgPrice": "0.00",
      "origQty": "0.080",
      "executedQty": "0.000",
      "cumQty": "0.000",
      "cumQuote": "0.00000",
      "timeInForce": "GTC",
      "type": "MARKET",
      "reduceOnly": false,
      "closePosition": false,
      "side": "SELL",
      "positionSide": "SHORT",
      "stopPrice": "0.00",
      "workingType": "CONTRACT_PRICE",
      "priceProtect": false,
      "origType": "MARKET",
      "priceMatch": "NONE",
      "selfTradePreventionMode": "NONE",
      "goodTillDate": 0,
      "updateTime": 1730611306937
    },
    {
      "orderId": 29766527567,
      "symbol": "BCHUSDT",
      "status": "NEW",
      "clientOrderId": "x-15PC4ZJyKtava0l6MlencI-ySwqso4sVi",
      "price": "0.00",
      "avgPrice": "0.00",
      "origQty": "0.000",
      "executedQty": "0.000",
      "cumQty": "0.000",
      "cumQuote": "0.00000",
      "timeInForce": "GTC",
      "type": "STOP_MARKET",
      "reduceOnly": true,
      "closePosition": true,
      "side": "BUY",
      "positionSide": "SHORT",
      "stopPrice": "349.15",
      "workingType": "MARK_PRICE",
      "priceProtect": false,
      "origType": "STOP_MARKET",
      "priceMatch": "NONE",
      "selfTradePreventionMode": "NONE",
      "goodTillDate": 0,
      "updateTime": 1730611306937
    }
  ]
}
2024-11-03 10:51:47.002 [INFO] [SHORT_POSITION_ENTERED]: Short position entered successfully
Details: {
  "entry_price": 348.1,
  "stop_price": 349.14703243577736,
  "quantity": 0.08
}
2024-11-03 10:51:47.006 [INFO] [INITIAL_STOP_PRICE]: Initial stop price calculated
Details: {
  "initial_stop_price": "349.14703244",
  "direction": "short",
  "movement_threshold": 0.3007849571322455,
  "fees_exemption": 0,
  "timestamp": "2024-11-03 10:51:47.006"
}
2024-11-03 10:51:47.009 [INFO] [TRIGGERS_CALCULATED]: Triggers and stop prices calculated
Details: {
  "direction": "SHORT",
  "triggers_count": 20,
  "triggers": [
    {
      "level": 1,
      "trigger_price": "347.05296756",
      "stop_price": "348.09685068"
    },
    {
      "level": 2,
      "trigger_price": "346.00593513",
      "stop_price": "347.04982772"
    },
    {
      "level": 3,
      "trigger_price": "344.95890269",
      "stop_price": "346.00595405"
    },
    {
      "level": 4,
      "trigger_price": "343.91187026",
      "stop_price": "344.96522018"
    },
    {
      "level": 5,
      "trigger_price": "342.86483782",
      "stop_price": "343.92761670"
    },
    {
      "level": 6,
      "trigger_price": "341.81780539",
      "stop_price": "342.89313416"
    },
    {
      "level": 7,
      "trigger_price": "340.77077295",
      "stop_price": "341.86176319"
    },
    {
      "level": 8,
      "trigger_price": "339.72374051",
      "stop_price": "340.83349444"
    },
    {
      "level": 9,
      "trigger_price": "338.67670808",
      "stop_price": "339.80831856"
    },
    {
      "level": 10,
      "trigger_price": "337.62967564",
      "stop_price": "338.78622625"
    },
    {
      "level": 11,
      "trigger_price": "336.58264321",
      "stop_price": "337.76720825"
    },
    {
      "level": 12,
      "trigger_price": "335.53561077",
      "stop_price": "336.75125529"
    },
    {
      "level": 13,
      "trigger_price": "334.48857833",
      "stop_price": "335.73835817"
    },
    {
      "level": 14,
      "trigger_price": "333.44154590",
      "stop_price": "334.72850770"
    },
    {
      "level": 15,
      "trigger_price": "332.39451346",
      "stop_price": "333.72169470"
    },
    {
      "level": 16,
      "trigger_price": "331.34748103",
      "stop_price": "332.71791004"
    },
    {
      "level": 17,
      "trigger_price": "330.30044859",
      "stop_price": "331.71714462"
    },
    {
      "level": 18,
      "trigger_price": "329.25341616",
      "stop_price": "330.71938935"
    },
    {
      "level": 19,
      "trigger_price": "328.20638372",
      "stop_price": "329.72463517"
    },
    {
      "level": 20,
      "trigger_price": "327.15935128",
      "stop_price": "328.73287307"
    }
  ],
  "timestamp": "2024-11-03 10:51:47.009"
}
2024-11-03 10:51:47.026 [INFO] [DOWNWARD_THRESHOLD_MET]: Downward movement threshold met
Details: {
  "current_price": "348.01000000",
  "threshold": "348.10977924"
}
2024-11-03 10:51:47.030 [INFO] [POSITION_UPDATED]: Position updated for BCHUSDT
Details: {
  "token": "hussydaddy",
  "entry_price": 348.01
}
2024-11-03 10:51:47.033 [INFO] [SYSTEM]: Account data saved successfully
Details: {
  "timestamp": "2024-11-03 10:51:47.033"
}
2024-11-03 10:51:47.035 [INFO] [MARKET_ORDER_FILLED]: Market order filled for BCHUSDT at price 348.01
Details: {
  "token": "hussydaddy"
}
2024-11-03 10:51:47.037 [INFO] [SYSTEM]: Account data saved successfully
Details: {
  "timestamp": "2024-11-03 10:51:47.037"
}
2024-11-03 10:51:48.678 [INFO] [POSITION_ALREADY_EXISTS]: Position already exists
Details: {
  "timestamp": "2024-11-03T05:21:48.678Z"
}
2024-11-03 10:51:48.680 [INFO] [ERROR]: Failed to enter position
Details: {
  "error": "Position already exists",
  "token": "hussydaddy"
}
2024-11-03 11:07:54.947 [INFO] [TRIGGER_HIT]: Trigger hit for BCHUSDT
Details: {
  "token": "hussydaddy",
  "trigger_side": "short",
  "current_price": "347.05000000",
  "trigger_price": "347.05296756",
  "stop_price": "348.09685068",
  "entry_price": "348.01000000",
  "profit_percentage": "-0.2759%",
  "remaining_triggers": 19
}
2024-11-03 11:07:55.554 [INFO] [ORDERS_CANCELLED]: All orders cancelled
Details: {
  "result": {
    "code": 200,
    "msg": "The operation of cancel all open order is done."
  }
}
2024-11-03 11:07:55.680 [INFO] [STOP_LOSS_PLACED]: New stop loss placed
Details: {
  "stop_price": 348.1,
  "order_details": {
    "orderId": 29766659614,
    "symbol": "BCHUSDT",
    "status": "NEW",
    "clientOrderId": "x-15PC4ZJyWvQpXW678M0jKLf_3Op_on4eA",
    "price": "0.00",
    "avgPrice": "0.00",
    "origQty": "0.000",
    "executedQty": "0.000",
    "cumQty": "0.000",
    "cumQuote": "0.00000",
    "timeInForce": "GTC",
    "type": "STOP_MARKET",
    "reduceOnly": true,
    "closePosition": true,
    "side": "BUY",
    "positionSide": "SHORT",
    "stopPrice": "348.10",
    "workingType": "MARK_PRICE",
    "priceProtect": false,
    "origType": "STOP_MARKET",
    "priceMatch": "NONE",
    "selfTradePreventionMode": "NONE",
    "goodTillDate": 0,
    "updateTime": 1730612275676
  }
}
2024-11-03 11:07:55.689 [INFO] [STOP_LOSS_UPDATED]: Stop loss updated for BCHUSDT
Details: {
  "token": "hussydaddy",
  "current_price": "347.05000000",
  "new_stop_price": "348.09685068",
  "previous_stop_price": "348.09685068",
  "entry_price": "348.01000000",
  "remaining_triggers": 19,
  "profit_locked": "-0.2759%",
  "position_side": "SHORT"
}
2024-11-03 11:07:55.693 [INFO] [STOP_MARKET_ORDER_PLACED]: Stop market order placed for BCHUSDT with stop price 348.1
Details: {
  "token": "hussydaddy"
}
2024-11-03 11:07:55.696 [INFO] [SYSTEM]: Account data saved successfully
Details: {
  "timestamp": "2024-11-03 11:07:55.696"
}
2024-11-03 11:08:42.062 [INFO] [TRIGGER_HIT]: Trigger hit for BCHUSDT
Details: {
  "token": "hussydaddy",
  "trigger_side": "short",
  "current_price": "345.99000000",
  "trigger_price": "346.00593513",
  "stop_price": "347.04982772",
  "entry_price": "348.01000000",
  "profit_percentage": "-0.5804%",
  "remaining_triggers": 18
}
2024-11-03 11:08:42.527 [INFO] [ORDERS_CANCELLED]: All orders cancelled
Details: {
  "result": {
    "code": 200,
    "msg": "The operation of cancel all open order is done."
  }
}
2024-11-03 11:08:42.649 [INFO] [STOP_MARKET_ORDER_PLACED]: Stop market order placed for BCHUSDT with stop price 347.05
Details: {
  "token": "hussydaddy"
}
2024-11-03 11:08:42.652 [INFO] [STOP_LOSS_PLACED]: New stop loss placed
Details: {
  "stop_price": 347.05,
  "order_details": {
    "orderId": 29766676536,
    "symbol": "BCHUSDT",
    "status": "NEW",
    "clientOrderId": "x-15PC4ZJyblomuiGKmqMs-nlq9swwqJUnD",
    "price": "0.00",
    "avgPrice": "0.00",
    "origQty": "0.000",
    "executedQty": "0.000",
    "cumQty": "0.000",
    "cumQuote": "0.00000",
    "timeInForce": "GTC",
    "type": "STOP_MARKET",
    "reduceOnly": true,
    "closePosition": true,
    "side": "BUY",
    "positionSide": "SHORT",
    "stopPrice": "347.05",
    "workingType": "MARK_PRICE",
    "priceProtect": false,
    "origType": "STOP_MARKET",
    "priceMatch": "NONE",
    "selfTradePreventionMode": "NONE",
    "goodTillDate": 0,
    "updateTime": 1730612322642
  }
}
2024-11-03 11:08:42.660 [INFO] [STOP_LOSS_UPDATED]: Stop loss updated for BCHUSDT
Details: {
  "token": "hussydaddy",
  "current_price": "345.99000000",
  "new_stop_price": "347.04982772",
  "previous_stop_price": "347.04982772",
  "entry_price": "348.01000000",
  "remaining_triggers": 18,
  "profit_locked": "-0.5804%",
  "position_side": "SHORT"
}
2024-11-03 11:08:42.665 [INFO] [SYSTEM]: Account data saved successfully
Details: {
  "timestamp": "2024-11-03 11:08:42.665"
}
2024-11-03 11:17:13.803 [INFO] [TRIGGER_HIT]: Trigger hit for BCHUSDT
Details: {
  "token": "hussydaddy",
  "trigger_side": "short",
  "current_price": "344.90000000",
  "trigger_price": "344.95890269",
  "stop_price": "346.00595405",
  "entry_price": "348.01000000",
  "profit_percentage": "-0.8937%",
  "remaining_triggers": 17
}
2024-11-03 11:17:14.467 [INFO] [ORDERS_CANCELLED]: All orders cancelled
Details: {
  "result": {
    "code": 200,
    "msg": "The operation of cancel all open order is done."
  }
}
2024-11-03 11:17:14.593 [INFO] [STOP_LOSS_PLACED]: New stop loss placed
Details: {
  "stop_price": 346.01,
  "order_details": {
    "orderId": 29766792726,
    "symbol": "BCHUSDT",
    "status": "NEW",
    "clientOrderId": "x-15PC4ZJy3FvjR5nLg0LylxA7KqokExFB4",
    "price": "0.00",
    "avgPrice": "0.00",
    "origQty": "0.000",
    "executedQty": "0.000",
    "cumQty": "0.000",
    "cumQuote": "0.00000",
    "timeInForce": "GTC",
    "type": "STOP_MARKET",
    "reduceOnly": true,
    "closePosition": true,
    "side": "BUY",
    "positionSide": "SHORT",
    "stopPrice": "346.01",
    "workingType": "MARK_PRICE",
    "priceProtect": false,
    "origType": "STOP_MARKET",
    "priceMatch": "NONE",
    "selfTradePreventionMode": "NONE",
    "goodTillDate": 0,
    "updateTime": 1730612834597
  }
}
2024-11-03 11:17:14.601 [INFO] [STOP_LOSS_UPDATED]: Stop loss updated for BCHUSDT
Details: {
  "token": "hussydaddy",
  "current_price": "344.90000000",
  "new_stop_price": "346.00595405",
  "previous_stop_price": "346.00595405",
  "entry_price": "348.01000000",
  "remaining_triggers": 17,
  "profit_locked": "-0.8937%",
  "position_side": "SHORT"
}
2024-11-03 11:17:14.605 [INFO] [STOP_MARKET_ORDER_PLACED]: Stop market order placed for BCHUSDT with stop price 346.01
Details: {
  "token": "hussydaddy"
}
2024-11-03 11:17:14.608 [INFO] [SYSTEM]: Account data saved successfully
Details: {
  "timestamp": "2024-11-03 11:17:14.608"
}
2024-11-03 11:18:29.920 [INFO] [TRIGGER_HIT]: Trigger hit for BCHUSDT
Details: {
  "token": "hussydaddy",
  "trigger_side": "short",
  "current_price": "343.89000000",
  "trigger_price": "343.91187026",
  "stop_price": "344.96522018",
  "entry_price": "348.01000000",
  "profit_percentage": "-1.1839%",
  "remaining_triggers": 16
}
2024-11-03 11:18:30.497 [INFO] [ORDERS_CANCELLED]: All orders cancelled
Details: {
  "result": {
    "code": 200,
    "msg": "The operation of cancel all open order is done."
  }
}
2024-11-03 11:18:30.622 [INFO] [STOP_LOSS_PLACED]: New stop loss placed
Details: {
  "stop_price": 344.97,
  "order_details": {
    "orderId": 29766819692,
    "symbol": "BCHUSDT",
    "status": "NEW",
    "clientOrderId": "x-15PC4ZJypuxQmGtymLgKMCFlYADJrULSf",
    "price": "0.00",
    "avgPrice": "0.00",
    "origQty": "0.000",
    "executedQty": "0.000",
    "cumQty": "0.000",
    "cumQuote": "0.00000",
    "timeInForce": "GTC",
    "type": "STOP_MARKET",
    "reduceOnly": true,
    "closePosition": true,
    "side": "BUY",
    "positionSide": "SHORT",
    "stopPrice": "344.97",
    "workingType": "MARK_PRICE",
    "priceProtect": false,
    "origType": "STOP_MARKET",
    "priceMatch": "NONE",
    "selfTradePreventionMode": "NONE",
    "goodTillDate": 0,
    "updateTime": 1730612910616
  }
}
2024-11-03 11:18:30.631 [INFO] [STOP_LOSS_UPDATED]: Stop loss updated for BCHUSDT
Details: {
  "token": "hussydaddy",
  "current_price": "343.89000000",
  "new_stop_price": "344.96522018",
  "previous_stop_price": "344.96522018",
  "entry_price": "348.01000000",
  "remaining_triggers": 16,
  "profit_locked": "-1.1839%",
  "position_side": "SHORT"
}
2024-11-03 11:18:30.635 [INFO] [STOP_MARKET_ORDER_PLACED]: Stop market order placed for BCHUSDT with stop price 344.97
Details: {
  "token": "hussydaddy"
}
2024-11-03 11:18:30.637 [INFO] [SYSTEM]: Account data saved successfully
Details: {
  "timestamp": "2024-11-03 11:18:30.637"
}
2024-11-03 11:27:28.098 [INFO] [TRIGGER_HIT]: Trigger hit for BCHUSDT
Details: {
  "token": "hussydaddy",
  "trigger_side": "short",
  "current_price": "342.86000000",
  "trigger_price": "342.86483782",
  "stop_price": "343.92761670",
  "entry_price": "348.01000000",
  "profit_percentage": "-1.4798%",
  "remaining_triggers": 15
}
2024-11-03 11:27:28.696 [INFO] [ORDERS_CANCELLED]: All orders cancelled
Details: {
  "result": {
    "code": 200,
    "msg": "The operation of cancel all open order is done."
  }
}
2024-11-03 11:27:28.819 [INFO] [STOP_LOSS_PLACED]: New stop loss placed
Details: {
  "stop_price": 343.93,
  "order_details": {
    "orderId": 29766932640,
    "symbol": "BCHUSDT",
    "status": "NEW",
    "clientOrderId": "x-15PC4ZJyXSqxrjnF6xHFy11Qrkgo-e0K5",
    "price": "0.00",
    "avgPrice": "0.00",
    "origQty": "0.000",
    "executedQty": "0.000",
    "cumQty": "0.000",
    "cumQuote": "0.00000",
    "timeInForce": "GTC",
    "type": "STOP_MARKET",
    "reduceOnly": true,
    "closePosition": true,
    "side": "BUY",
    "positionSide": "SHORT",
    "stopPrice": "343.93",
    "workingType": "MARK_PRICE",
    "priceProtect": false,
    "origType": "STOP_MARKET",
    "priceMatch": "NONE",
    "selfTradePreventionMode": "NONE",
    "goodTillDate": 0,
    "updateTime": 1730613448827
  }
}
2024-11-03 11:27:28.827 [INFO] [STOP_LOSS_UPDATED]: Stop loss updated for BCHUSDT
Details: {
  "token": "hussydaddy",
  "current_price": "342.86000000",
  "new_stop_price": "343.92761670",
  "previous_stop_price": "343.92761670",
  "entry_price": "348.01000000",
  "remaining_triggers": 15,
  "profit_locked": "-1.4798%",
  "position_side": "SHORT"
}
2024-11-03 11:27:28.831 [INFO] [STOP_MARKET_ORDER_PLACED]: Stop market order placed for BCHUSDT with stop price 343.93
Details: {
  "token": "hussydaddy"
}
2024-11-03 11:27:28.834 [INFO] [SYSTEM]: Account data saved successfully
Details: {
  "timestamp": "2024-11-03 11:27:28.834"
}
2024-11-03 11:40:50.590 [INFO] [TRIGGER_HIT]: Trigger hit for BCHUSDT
Details: {
  "token": "hussydaddy",
  "trigger_side": "short",
  "current_price": "341.78000000",
  "trigger_price": "341.81780539",
  "stop_price": "342.89313416",
  "entry_price": "348.01000000",
  "profit_percentage": "-1.7902%",
  "remaining_triggers": 14
}
2024-11-03 11:40:51.173 [INFO] [ORDERS_CANCELLED]: All orders cancelled
Details: {
  "result": {
    "code": 200,
    "msg": "The operation of cancel all open order is done."
  }
}
2024-11-03 11:40:51.295 [INFO] [STOP_LOSS_PLACED]: New stop loss placed
Details: {
  "stop_price": 342.89,
  "order_details": {
    "orderId": 29767069455,
    "symbol": "BCHUSDT",
    "status": "NEW",
    "clientOrderId": "x-15PC4ZJy2iy9n8XgYv2h3a630ztJpAYiW",
    "price": "0.00",
    "avgPrice": "0.00",
    "origQty": "0.000",
    "executedQty": "0.000",
    "cumQty": "0.000",
    "cumQuote": "0.00000",
    "timeInForce": "GTC",
    "type": "STOP_MARKET",
    "reduceOnly": true,
    "closePosition": true,
    "side": "BUY",
    "positionSide": "SHORT",
    "stopPrice": "342.89",
    "workingType": "MARK_PRICE",
    "priceProtect": false,
    "origType": "STOP_MARKET",
    "priceMatch": "NONE",
    "selfTradePreventionMode": "NONE",
    "goodTillDate": 0,
    "updateTime": 1730614251323
  }
}
2024-11-03 11:40:51.303 [INFO] [STOP_LOSS_UPDATED]: Stop loss updated for BCHUSDT
Details: {
  "token": "hussydaddy",
  "current_price": "341.78000000",
  "new_stop_price": "342.89313416",
  "previous_stop_price": "342.89313416",
  "entry_price": "348.01000000",
  "remaining_triggers": 14,
  "profit_locked": "-1.7902%",
  "position_side": "SHORT"
}
2024-11-03 11:40:51.309 [INFO] [STOP_MARKET_ORDER_PLACED]: Stop market order placed for BCHUSDT with stop price 342.89
Details: {
  "token": "hussydaddy"
}
2024-11-03 11:40:51.311 [INFO] [SYSTEM]: Account data saved successfully
Details: {
  "timestamp": "2024-11-03 11:40:51.311"
}
2024-11-03 11:42:42.296 [INFO] [TRIGGER_HIT]: Trigger hit for BCHUSDT
Details: {
  "token": "hussydaddy",
  "trigger_side": "short",
  "current_price": "340.76000000",
  "trigger_price": "340.77077295",
  "stop_price": "341.86176319",
  "entry_price": "348.01000000",
  "profit_percentage": "-2.0833%",
  "remaining_triggers": 13
}
2024-11-03 11:42:42.896 [INFO] [ORDERS_CANCELLED]: All orders cancelled
Details: {
  "result": {
    "code": 200,
    "msg": "The operation of cancel all open order is done."
  }
}
2024-11-03 11:42:43.018 [INFO] [STOP_MARKET_ORDER_PLACED]: Stop market order placed for BCHUSDT with stop price 341.86
Details: {
  "token": "hussydaddy"
}
2024-11-03 11:42:43.023 [INFO] [STOP_LOSS_PLACED]: New stop loss placed
Details: {
  "stop_price": 341.86,
  "order_details": {
    "orderId": 29767095923,
    "symbol": "BCHUSDT",
    "status": "NEW",
    "clientOrderId": "x-15PC4ZJyjCn8usN1NnJLbeTMFKttDDS2w",
    "price": "0.00",
    "avgPrice": "0.00",
    "origQty": "0.000",
    "executedQty": "0.000",
    "cumQty": "0.000",
    "cumQuote": "0.00000",
    "timeInForce": "GTC",
    "type": "STOP_MARKET",
    "reduceOnly": true,
    "closePosition": true,
    "side": "BUY",
    "positionSide": "SHORT",
    "stopPrice": "341.86",
    "workingType": "MARK_PRICE",
    "priceProtect": false,
    "origType": "STOP_MARKET",
    "priceMatch": "NONE",
    "selfTradePreventionMode": "NONE",
    "goodTillDate": 0,
    "updateTime": 1730614363061
  }
}
2024-11-03 11:42:43.031 [INFO] [STOP_LOSS_UPDATED]: Stop loss updated for BCHUSDT
Details: {
  "token": "hussydaddy",
  "current_price": "340.76000000",
  "new_stop_price": "341.86176319",
  "previous_stop_price": "341.86176319",
  "entry_price": "348.01000000",
  "remaining_triggers": 13,
  "profit_locked": "-2.0833%",
  "position_side": "SHORT"
}
2024-11-03 11:42:43.035 [INFO] [SYSTEM]: Account data saved successfully
Details: {
  "timestamp": "2024-11-03 11:42:43.035"
}
2024-11-03 11:45:28.143 [INFO] [POSITION_CLOSED]: Position closed for BCHUSDT
Details: {
  "token": "hussydaddy"
}
2024-11-03 11:45:28.146 [INFO] [MARKET_ORDER_FILLED]: Market order filled for BCHUSDT at price 341.88
Details: {
  "token": "hussydaddy"
}
2024-11-03 11:45:28.149 [INFO] [SYSTEM]: Account data saved successfully
Details: {
  "timestamp": "2024-11-03 11:45:28.149"
}
